Starting ChromeDriver 138.0.7204.49 (d2b48fd5f7813ed477a2d68fa232b8178fa4fb1e-refs/branch-heads/7204@{#1814}) on port 58819
Only local connections are allowed.
Please see https://chromedriver.chromium.org/security-considerations for suggestions on keeping ChromeDriver safe.
ChromeDriver was started successfully on port 58819.
[1751281594.226][INFO]: [1cff4f6ecddbd451765d948df39899f9] COMMAND InitSession {
   "capabilities": {
      "alwaysMatch": {
         "browserName": "chrome",
         "goog:chromeOptions": {
            "binary": "/Applications/Google Chrome.app/Contents/MacOS/Google Chrome"
         }
      },
      "firstMatch": [ {
      } ]
   }
}
[1751281594.226][INFO]: Populating Preferences file: {
   "alternate_error_pages": {
      "enabled": false
   },
   "autofill": {
      "enabled": false
   },
   "browser": {
      "check_default_browser": false
   },
   "distribution": {
      "import_bookmarks": false,
      "import_history": false,
      "import_search_engine": false,
      "make_chrome_default_for_user": false,
      "skip_first_run_ui": true
   },
   "dns_prefetching": {
      "enabled": false
   },
   "profile": {
      "content_settings": {
         "pattern_pairs": {
            "https://*,*": {
               "media-stream": {
                  "audio": "Default",
                  "video": "Default"
               }
            }
         }
      },
      "default_content_setting_values": {
         "geolocation": 1
      },
      "default_content_settings": {
         "geolocation": 1,
         "mouselock": 1,
         "notifications": 1,
         "popups": 1,
         "ppapi-broker": 1
      },
      "password_manager_enabled": false
   },
   "safebrowsing": {
      "enabled": false
   },
   "search": {
      "suggest_enabled": false
   },
   "translate": {
      "enabled": false
   }
}
[1751281594.226][INFO]: Populating Local State file: {
   "background_mode": {
      "enabled": false
   },
   "ssl": {
      "rev_checking": {
         "enabled": false
      }
   }
}
[1751281594.227][INFO]: ChromeDriver supports communication with Chrome via pipes. This is more reliable and more secure.
[1751281594.227][INFO]: Use the --remote-debugging-pipe Chrome switch instead of the default --remote-debugging-port to enable this communication mode.
[1751281594.227][INFO]: Launching chrome: /Applications/Google Chrome.app/Contents/MacOS/Google Chrome --allow-pre-commit-input --disable-background-networking --disable-client-side-phishing-detection --disable-default-apps --disable-hang-monitor --disable-popup-blocking --disable-prompt-on-repost --disable-sync --enable-automation --enable-logging=stderr --log-level=0 --no-first-run --no-service-autorun --password-store=basic --remote-debugging-port=0 --test-type=webdriver --use-mock-keychain --user-data-dir=/var/folders/_5/gcf061d54tn82w0g4981c7g00000gp/T/.org.chromium.Chromium.I2dj1r data:,

DevTools listening on ws://127.0.0.1:58825/devtools/browser/91441579-98d8-4a1b-a080-7501cbff3960
[1751281594.444][DEBUG]: DevTools HTTP Request: http://localhost:58825/json/version
[1751281594.732][DEBUG]: DevTools HTTP Response: {
   "Browser": "Chrome/138.0.7204.49",
   "Protocol-Version": "1.3",
   "User-Agent": "Mozilla/5.0 (Macintosh; Intel Mac OS X 10_15_7) AppleWebKit/537.36 (KHTML, like Gecko) Chrome/138.0.0.0 Safari/537.36",
   "V8-Version": "13.8.258.19",
   "WebKit-Version": "537.36 (@d2b48fd5f7813ed477a2d68fa232b8178fa4fb1e)",
   "webSocketDebuggerUrl": "ws://localhost:58825/devtools/browser/91441579-98d8-4a1b-a080-7501cbff3960"
}

[1751281594.732][DEBUG]: DevTools HTTP Request: http://localhost:58825/json/list
[1751281594.754][DEBUG]: DevTools HTTP Response: [ {
   "description": "",
   "devtoolsFrontendUrl": "https://chrome-devtools-frontend.appspot.com/serve_rev/@d2b48fd5f7813ed477a2d68fa232b8178fa4fb1e/inspector.html?ws=localhost:58825/devtools/page/0A02761B6C1762B3CB8339971A64DFC0",
   "id": "0A02761B6C1762B3CB8339971A64DFC0",
   "title": "",
   "type": "page",
   "url": "data:,",
   "webSocketDebuggerUrl": "ws://localhost:58825/devtools/page/0A02761B6C1762B3CB8339971A64DFC0"
} ]

[1751281594.754][INFO]: resolved localhost to ["127.0.0.1","::1"]
[1751281594.755][DEBUG]: DevTools WebSocket Command: Target.getTargets (id=1) (session_id=) browser {
   "filter": [ {
      "exclude": true,
      "type": "browser"
   }, {
      "exclude": true,
      "type": "page"
   }, {
      "exclude": false
   } ]
}
[1751281594.767][DEBUG]: DevTools WebSocket Response: Target.getTargets (id=1) (session_id=) browser {
   "targetInfos": [ {
      "attached": false,
      "browserContextId": "9DCC7474B9B39A4692C4565401C7DA5D",
      "canAccessOpener": false,
      "targetId": "7FA7E2D4BEFF9FDCB9CA0F0B668CD923",
      "title": "",
      "type": "tab",
      "url": "data:,"
   } ]
}
[1751281594.767][DEBUG]: DevTools WebSocket Command: Target.attachToTarget (id=2) (session_id=) browser {
   "flatten": true,
   "targetId": "7FA7E2D4BEFF9FDCB9CA0F0B668CD923"
}
[1751281594.769][DEBUG]: DevTools WebSocket Event: Target.attachedToTarget (session_id=) browser {
   "sessionId": "2E6C562F0B36C4318390B1DFA6D8E507",
   "targetInfo": {
      "attached": true,
      "browserContextId": "9DCC7474B9B39A4692C4565401C7DA5D",
      "canAccessOpener": false,
      "targetId": "7FA7E2D4BEFF9FDCB9CA0F0B668CD923",
      "title": "data:,",
      "type": "tab",
      "url": "data:,"
   },
   "waitingForDebugger": false
}
[1751281594.769][DEBUG]: DevTools WebSocket Response: Target.attachToTarget (id=2) (session_id=) browser {
   "sessionId": "2E6C562F0B36C4318390B1DFA6D8E507"
}
[1751281594.769][DEBUG]: DevTools WebSocket Command: Target.setAutoAttach (id=3) (session_id=2E6C562F0B36C4318390B1DFA6D8E507) 7FA7E2D4BEFF9FDCB9CA0F0B668CD923 {
   "autoAttach": true,
   "flatten": true,
   "waitForDebuggerOnStart": false
}
[1751281594.771][DEBUG]: DevTools WebSocket Event: Target.attachedToTarget (session_id=2E6C562F0B36C4318390B1DFA6D8E507) 7FA7E2D4BEFF9FDCB9CA0F0B668CD923 {
   "sessionId": "38929AA2DA15765FB615F32B60ADF9AB",
   "targetInfo": {
      "attached": true,
      "browserContextId": "9DCC7474B9B39A4692C4565401C7DA5D",
      "canAccessOpener": false,
      "targetId": "0A02761B6C1762B3CB8339971A64DFC0",
      "title": "data:,",
      "type": "page",
      "url": "data:,"
   },
   "waitingForDebugger": false
}
[1751281594.771][DEBUG]: DevTools WebSocket Command: Page.enable (id=4) (session_id=38929AA2DA15765FB615F32B60ADF9AB) 0A02761B6C1762B3CB8339971A64DFC0 {
}
[1751281594.771][DEBUG]: DevTools WebSocket Command: Page.addScriptToEvaluateOnNewDocument (id=5) (session_id=38929AA2DA15765FB615F32B60ADF9AB) 0A02761B6C1762B3CB8339971A64DFC0 {
   "source": "(function () {window.cdc_adoQpoasnfa76pfcZLmcfl_Array = window.Array;window.cdc_adoQpoasnfa76pfcZLmcfl_Object = window.Object;window.cdc_adoQpoasnfa76pfcZLmcfl_Promise = window.Promise;window.cdc_a..."
}
[1751281594.771][DEBUG]: DevTools WebSocket Command: Runtime.evaluate (id=6) (session_id=38929AA2DA15765FB615F32B60ADF9AB) 0A02761B6C1762B3CB8339971A64DFC0 {
   "expression": "(function () {window.cdc_adoQpoasnfa76pfcZLmcfl_Array = window.Array;window.cdc_adoQpoasnfa76pfcZLmcfl_Object = window.Object;window.cdc_adoQpoasnfa76pfcZLmcfl_Promise = window.Promise;window.cdc_a..."
}
[1751281594.772][DEBUG]: DevTools WebSocket Command: Log.enable (id=7) (session_id=38929AA2DA15765FB615F32B60ADF9AB) 0A02761B6C1762B3CB8339971A64DFC0 {
}
[1751281594.772][DEBUG]: DevTools WebSocket Command: Target.setAutoAttach (id=8) (session_id=38929AA2DA15765FB615F32B60ADF9AB) 0A02761B6C1762B3CB8339971A64DFC0 {
   "autoAttach": true,
   "flatten": true,
   "waitForDebuggerOnStart": false
}
[1751281594.772][DEBUG]: DevTools WebSocket Response: Target.setAutoAttach (id=3) (session_id=2E6C562F0B36C4318390B1DFA6D8E507) 7FA7E2D4BEFF9FDCB9CA0F0B668CD923 {
}
[1751281594.772][DEBUG]: DevTools WebSocket Response: Page.enable (id=4) (session_id=38929AA2DA15765FB615F32B60ADF9AB) 0A02761B6C1762B3CB8339971A64DFC0 {
}
[1751281594.772][DEBUG]: DevTools WebSocket Response: Page.addScriptToEvaluateOnNewDocument (id=5) (session_id=38929AA2DA15765FB615F32B60ADF9AB) 0A02761B6C1762B3CB8339971A64DFC0 {
   "identifier": "1"
}
[1751281594.772][DEBUG]: DevTools WebSocket Response: Runtime.evaluate (id=6) (session_id=38929AA2DA15765FB615F32B60ADF9AB) 0A02761B6C1762B3CB8339971A64DFC0 {
   "result": {
      "type": "undefined"
   }
}
[1751281594.780][DEBUG]: DevTools WebSocket Response: Log.enable (id=7) (session_id=38929AA2DA15765FB615F32B60ADF9AB) 0A02761B6C1762B3CB8339971A64DFC0 {
}
[1751281594.780][DEBUG]: DevTools WebSocket Response: Target.setAutoAttach (id=8) (session_id=38929AA2DA15765FB615F32B60ADF9AB) 0A02761B6C1762B3CB8339971A64DFC0 {
}
[1751281594.780][DEBUG]: DevTools WebSocket Command: Runtime.enable (id=9) (session_id=38929AA2DA15765FB615F32B60ADF9AB) 0A02761B6C1762B3CB8339971A64DFC0 {
}
[1751281594.780][DEBUG]: DevTools WebSocket Event: Runtime.executionContextCreated (session_id=38929AA2DA15765FB615F32B60ADF9AB) 0A02761B6C1762B3CB8339971A64DFC0 {
   "context": {
      "auxData": {
         "frameId": "0A02761B6C1762B3CB8339971A64DFC0",
         "isDefault": true,
         "type": "default"
      },
      "id": 1,
      "name": "",
      "origin": "://",
      "uniqueId": "5897358986735001116.-352689063730204897"
   }
}
[1751281594.781][DEBUG]: DevTools WebSocket Response: Runtime.enable (id=9) (session_id=38929AA2DA15765FB615F32B60ADF9AB) 0A02761B6C1762B3CB8339971A64DFC0 {
}
[1751281594.781][DEBUG]: DevTools WebSocket Command: Runtime.enable (id=10) (session_id=38929AA2DA15765FB615F32B60ADF9AB) 0A02761B6C1762B3CB8339971A64DFC0 {
}
[1751281594.781][DEBUG]: DevTools WebSocket Response: Runtime.enable (id=10) (session_id=38929AA2DA15765FB615F32B60ADF9AB) 0A02761B6C1762B3CB8339971A64DFC0 {
}
[1751281594.781][INFO]: [1cff4f6ecddbd451765d948df39899f9] RESPONSE InitSession {
   "capabilities": {
      "acceptInsecureCerts": false,
      "browserName": "chrome",
      "browserVersion": "138.0.7204.49",
      "chrome": {
         "chromedriverVersion": "138.0.7204.49 (d2b48fd5f7813ed477a2d68fa232b8178fa4fb1e-refs/branch-heads/7204@{#1814})",
         "userDataDir": "/var/folders/_5/gcf061d54tn82w0g4981c7g00000gp/T/.org.chromium.Chromium.I2dj1r"
      },
      "fedcm:accounts": true,
      "goog:chromeOptions": {
         "debuggerAddress": "localhost:58825"
      },
      "networkConnectionEnabled": false,
      "pageLoadStrategy": "normal",
      "platformName": "mac",
      "proxy": {
      },
      "setWindowRect": true,
      "strictFileInteractability": false,
      "timeouts": {
         "implicit": 0,
         "pageLoad": 300000,
         "script": 30000
      },
      "unhandledPromptBehavior": "dismiss and notify",
      "webauthn:extension:credBlob": true,
      "webauthn:extension:largeBlob": true,
      "webauthn:extension:minPinLength": true,
      "webauthn:extension:prf": true,
      "webauthn:virtualAuthenticators": true
   },
   "sessionId": "1cff4f6ecddbd451765d948df39899f9"
}
[1751281594.782][INFO]: [1cff4f6ecddbd451765d948df39899f9] COMMAND Navigate {
   "url": "http://127.0.0.1:5000/"
}
[1751281594.782][INFO]: Waiting for pending navigations...
[1751281594.782][DEBUG]: DevTools WebSocket Command: Runtime.evaluate (id=11) (session_id=38929AA2DA15765FB615F32B60ADF9AB) 0A02761B6C1762B3CB8339971A64DFC0 {
   "expression": "1"
}
[1751281594.782][DEBUG]: DevTools WebSocket Response: Runtime.evaluate (id=11) (session_id=38929AA2DA15765FB615F32B60ADF9AB) 0A02761B6C1762B3CB8339971A64DFC0 {
   "result": {
      "description": "1",
      "type": "number",
      "value": 1
   }
}
[1751281594.782][DEBUG]: DevTools WebSocket Command: Runtime.evaluate (id=12) (session_id=38929AA2DA15765FB615F32B60ADF9AB) 0A02761B6C1762B3CB8339971A64DFC0 {
   "expression": "document",
   "objectGroup": "b4cf620f-33a4-4f4c-82be-40b0d8100874"
}
[1751281594.783][DEBUG]: DevTools WebSocket Response: Runtime.evaluate (id=12) (session_id=38929AA2DA15765FB615F32B60ADF9AB) 0A02761B6C1762B3CB8339971A64DFC0 {
   "result": {
      "className": "HTMLDocument",
      "description": "#document",
      "objectId": "-2316539133124225806.1.1",
      "subtype": "node",
      "type": "object"
   }
}
[1751281594.783][DEBUG]: DevTools WebSocket Command: DOM.describeNode (id=13) (session_id=38929AA2DA15765FB615F32B60ADF9AB) 0A02761B6C1762B3CB8339971A64DFC0 {
   "objectId": "-2316539133124225806.1.1"
}
[1751281594.783][DEBUG]: DevTools WebSocket Response: DOM.describeNode (id=13) (session_id=38929AA2DA15765FB615F32B60ADF9AB) 0A02761B6C1762B3CB8339971A64DFC0 {
   "node": {
      "backendNodeId": 1,
      "baseURL": "data:,",
      "childNodeCount": 1,
      "compatibilityMode": "NoQuirksMode",
      "documentURL": "data:,",
      "localName": "",
      "nodeId": 0,
      "nodeName": "#document",
      "nodeType": 9,
      "nodeValue": "",
      "xmlVersion": ""
   }
}
[1751281594.783][DEBUG]: DevTools WebSocket Command: Runtime.releaseObjectGroup (id=14) (session_id=38929AA2DA15765FB615F32B60ADF9AB) 0A02761B6C1762B3CB8339971A64DFC0 {
   "objectGroup": "b4cf620f-33a4-4f4c-82be-40b0d8100874"
}
[1751281594.783][DEBUG]: DevTools WebSocket Command: Runtime.evaluate (id=15) (session_id=38929AA2DA15765FB615F32B60ADF9AB) 0A02761B6C1762B3CB8339971A64DFC0 {
   "awaitPromise": false,
   "expression": "document.readyState",
   "returnByValue": true,
   "uniqueContextId": "5897358986735001116.-352689063730204897"
}
[1751281594.783][DEBUG]: DevTools WebSocket Response: Runtime.releaseObjectGroup (id=14) (session_id=38929AA2DA15765FB615F32B60ADF9AB) 0A02761B6C1762B3CB8339971A64DFC0 {
}
[1751281594.783][DEBUG]: DevTools WebSocket Response: Runtime.evaluate (id=15) (session_id=38929AA2DA15765FB615F32B60ADF9AB) 0A02761B6C1762B3CB8339971A64DFC0 {
   "result": {
      "type": "string",
      "value": "complete"
   }
}
[1751281594.783][INFO]: Done waiting for pending navigations. Status: ok
[1751281594.783][DEBUG]: DevTools WebSocket Command: Page.navigate (id=16) (session_id=38929AA2DA15765FB615F32B60ADF9AB) 0A02761B6C1762B3CB8339971A64DFC0 {
   "url": "http://127.0.0.1:5000/"
}
[1751281594.784][DEBUG]: DevTools WebSocket Event: Page.frameStartedNavigating (session_id=38929AA2DA15765FB615F32B60ADF9AB) 0A02761B6C1762B3CB8339971A64DFC0 {
   "frameId": "0A02761B6C1762B3CB8339971A64DFC0",
   "loaderId": "377DC3F87365A2434DCEF4A841CDAEB2",
   "navigationType": "differentDocument",
   "url": "http://127.0.0.1:5000/"
}
[1751281594.784][DEBUG]: DevTools WebSocket Event: Page.frameStartedLoading (session_id=38929AA2DA15765FB615F32B60ADF9AB) 0A02761B6C1762B3CB8339971A64DFC0 {
   "frameId": "0A02761B6C1762B3CB8339971A64DFC0"
}
[1751281594.788][DEBUG]: DevTools WebSocket Response: Page.navigate (id=16) (session_id=38929AA2DA15765FB615F32B60ADF9AB) 0A02761B6C1762B3CB8339971A64DFC0 {
   "frameId": "0A02761B6C1762B3CB8339971A64DFC0",
   "loaderId": "377DC3F87365A2434DCEF4A841CDAEB2"
}
[1751281594.788][INFO]: Waiting for pending navigations...
[1751281594.788][DEBUG]: DevTools WebSocket Command: Runtime.evaluate (id=17) (session_id=38929AA2DA15765FB615F32B60ADF9AB) 0A02761B6C1762B3CB8339971A64DFC0 {
   "expression": "1"
}
[1751281594.801][DEBUG]: DevTools WebSocket Event: Runtime.executionContextsCleared (session_id=38929AA2DA15765FB615F32B60ADF9AB) 0A02761B6C1762B3CB8339971A64DFC0 {
}
[1751281594.802][DEBUG]: DevTools WebSocket Event: Runtime.executionContextsCleared (session_id=38929AA2DA15765FB615F32B60ADF9AB) 0A02761B6C1762B3CB8339971A64DFC0 {
}
[1751281594.802][DEBUG]: DevTools WebSocket Event: Page.frameNavigated (session_id=38929AA2DA15765FB615F32B60ADF9AB) 0A02761B6C1762B3CB8339971A64DFC0 {
   "frame": {
      "adFrameStatus": {
         "adFrameType": "none"
      },
      "crossOriginIsolatedContextType": "NotIsolated",
      "domainAndRegistry": "",
      "gatedAPIFeatures": [  ],
      "id": "0A02761B6C1762B3CB8339971A64DFC0",
      "loaderId": "377DC3F87365A2434DCEF4A841CDAEB2",
      "mimeType": "text/html",
      "secureContextType": "SecureLocalhost",
      "securityOrigin": "http://127.0.0.1:5000",
      "securityOriginDetails": {
         "isLocalhost": true
      },
      "url": "http://127.0.0.1:5000/"
   },
   "type": "Navigation"
}
[1751281594.806][DEBUG]: DevTools WebSocket Event: Runtime.executionContextCreated (session_id=38929AA2DA15765FB615F32B60ADF9AB) 0A02761B6C1762B3CB8339971A64DFC0 {
   "context": {
      "auxData": {
         "frameId": "0A02761B6C1762B3CB8339971A64DFC0",
         "isDefault": true,
         "type": "default"
      },
      "id": 1,
      "name": "",
      "origin": "http://127.0.0.1:5000",
      "uniqueId": "-8418431748821188505.-380401412093274287"
   }
}
[1751281594.807][DEBUG]: DevTools WebSocket Response: Runtime.evaluate (id=17) (session_id=38929AA2DA15765FB615F32B60ADF9AB) 0A02761B6C1762B3CB8339971A64DFC0 {
   "result": {
      "description": "1",
      "type": "number",
      "value": 1
   }
}
[92008:438303:0630/163635.073080:INFO:CONSOLE:64] "cdn.tailwindcss.com should not be used in production. To use Tailwind CSS in production, install it as a PostCSS plugin or use the Tailwind CLI: https://tailwindcss.com/docs/installation", source: https://cdn.tailwindcss.com/ (64)
[1751281595.073][DEBUG]: DevTools WebSocket Event: Runtime.consoleAPICalled (session_id=38929AA2DA15765FB615F32B60ADF9AB) 0A02761B6C1762B3CB8339971A64DFC0 {
   "args": [ {
      "type": "string",
      "value": "cdn.tailwindcss.com should not be used in production. To use Tailwind CSS in production, install it as a PostCSS plugin or use the Tailwind CLI: https://tailwindcss.com/docs/installation"
   } ],
   "executionContextId": 1,
   "stackTrace": {
      "callFrames": [ {
         "columnNumber": 1710,
         "functionName": "",
         "lineNumber": 63,
         "scriptId": "7",
         "url": "https://cdn.tailwindcss.com/"
      }, {
         "columnNumber": 3638,
         "functionName": "",
         "lineNumber": 63,
         "scriptId": "7",
         "url": "https://cdn.tailwindcss.com/"
      } ]
   },
   "timestamp": 1.751281595073018e+12,
   "type": "warning"
}
[1751281595.073][DEBUG]: DevTools WebSocket Command: Runtime.evaluate (id=18) (session_id=38929AA2DA15765FB615F32B60ADF9AB) 0A02761B6C1762B3CB8339971A64DFC0 {
   "expression": "1"
}
[1751281595.123][DEBUG]: DevTools WebSocket Response: Runtime.evaluate (id=18) (session_id=38929AA2DA15765FB615F32B60ADF9AB) 0A02761B6C1762B3CB8339971A64DFC0 {
   "result": {
      "description": "1",
      "type": "number",
      "value": 1
   }
}
[1751281595.123][DEBUG]: DevTools WebSocket Event: Page.domContentEventFired (session_id=38929AA2DA15765FB615F32B60ADF9AB) 0A02761B6C1762B3CB8339971A64DFC0 {
   "timestamp": 17983.557573
}
[1751281595.123][DEBUG]: DevTools WebSocket Command: Runtime.evaluate (id=19) (session_id=38929AA2DA15765FB615F32B60ADF9AB) 0A02761B6C1762B3CB8339971A64DFC0 {
   "expression": "1"
}
[1751281595.123][DEBUG]: DevTools WebSocket Event: Page.loadEventFired (session_id=38929AA2DA15765FB615F32B60ADF9AB) 0A02761B6C1762B3CB8339971A64DFC0 {
   "timestamp": 17983.557739
}
[1751281595.123][DEBUG]: DevTools WebSocket Command: Runtime.evaluate (id=20) (session_id=38929AA2DA15765FB615F32B60ADF9AB) 0A02761B6C1762B3CB8339971A64DFC0 {
   "awaitPromise": false,
   "expression": "document.readyState",
   "returnByValue": true,
   "uniqueContextId": "-8418431748821188505.-380401412093274287"
}
[1751281595.124][DEBUG]: DevTools WebSocket Event: Page.frameStoppedLoading (session_id=38929AA2DA15765FB615F32B60ADF9AB) 0A02761B6C1762B3CB8339971A64DFC0 {
   "frameId": "0A02761B6C1762B3CB8339971A64DFC0"
}
[1751281595.124][DEBUG]: DevTools WebSocket Response: Runtime.evaluate (id=19) (session_id=38929AA2DA15765FB615F32B60ADF9AB) 0A02761B6C1762B3CB8339971A64DFC0 {
   "result": {
      "description": "1",
      "type": "number",
      "value": 1
   }
}
[1751281595.124][DEBUG]: DevTools WebSocket Response: Runtime.evaluate (id=20) (session_id=38929AA2DA15765FB615F32B60ADF9AB) 0A02761B6C1762B3CB8339971A64DFC0 {
   "result": {
      "type": "string",
      "value": "complete"
   }
}
[1751281595.124][INFO]: Done waiting for pending navigations. Status: ok
[1751281595.124][INFO]: [1cff4f6ecddbd451765d948df39899f9] RESPONSE Navigate
[1751281595.128][INFO]: [1cff4f6ecddbd451765d948df39899f9] COMMAND GetTitle {
}
[1751281595.128][DEBUG]: DevTools WebSocket Event: Log.entryAdded (session_id=38929AA2DA15765FB615F32B60ADF9AB) 0A02761B6C1762B3CB8339971A64DFC0 {
   "entry": {
      "level": "error",
      "networkRequestId": "92017.4",
      "source": "network",
      "text": "Failed to load resource: the server responded with a status of 404 (NOT FOUND)",
      "timestamp": 1.751281595125181e+12,
      "url": "http://127.0.0.1:5000/favicon.ico"
   }
}
[1751281595.128][INFO]: Waiting for pending navigations...
[1751281595.128][DEBUG]: DevTools WebSocket Command: Runtime.evaluate (id=21) (session_id=38929AA2DA15765FB615F32B60ADF9AB) 0A02761B6C1762B3CB8339971A64DFC0 {
   "expression": "1"
}
[1751281595.128][DEBUG]: DevTools WebSocket Response: Runtime.evaluate (id=21) (session_id=38929AA2DA15765FB615F32B60ADF9AB) 0A02761B6C1762B3CB8339971A64DFC0 {
   "result": {
      "description": "1",
      "type": "number",
      "value": 1
   }
}
[1751281595.128][INFO]: Done waiting for pending navigations. Status: ok
[1751281595.128][DEBUG]: DevTools WebSocket Command: Page.getFrameTree (id=22) (session_id=38929AA2DA15765FB615F32B60ADF9AB) 0A02761B6C1762B3CB8339971A64DFC0 {
}
[1751281595.128][DEBUG]: DevTools WebSocket Response: Page.getFrameTree (id=22) (session_id=38929AA2DA15765FB615F32B60ADF9AB) 0A02761B6C1762B3CB8339971A64DFC0 {
   "frameTree": {
      "frame": {
         "adFrameStatus": {
            "adFrameType": "none"
         },
         "crossOriginIsolatedContextType": "NotIsolated",
         "domainAndRegistry": "",
         "gatedAPIFeatures": [  ],
         "id": "0A02761B6C1762B3CB8339971A64DFC0",
         "loaderId": "377DC3F87365A2434DCEF4A841CDAEB2",
         "mimeType": "text/html",
         "secureContextType": "SecureLocalhost",
         "securityOrigin": "http://127.0.0.1:5000",
         "securityOriginDetails": {
            "isLocalhost": true
         },
         "url": "http://127.0.0.1:5000/"
      }
   }
}
[1751281595.128][DEBUG]: DevTools WebSocket Command: Page.getFrameTree (id=23) (session_id=38929AA2DA15765FB615F32B60ADF9AB) 0A02761B6C1762B3CB8339971A64DFC0 {
}
[1751281595.128][DEBUG]: DevTools WebSocket Response: Page.getFrameTree (id=23) (session_id=38929AA2DA15765FB615F32B60ADF9AB) 0A02761B6C1762B3CB8339971A64DFC0 {
   "frameTree": {
      "frame": {
         "adFrameStatus": {
            "adFrameType": "none"
         },
         "crossOriginIsolatedContextType": "NotIsolated",
         "domainAndRegistry": "",
         "gatedAPIFeatures": [  ],
         "id": "0A02761B6C1762B3CB8339971A64DFC0",
         "loaderId": "377DC3F87365A2434DCEF4A841CDAEB2",
         "mimeType": "text/html",
         "secureContextType": "SecureLocalhost",
         "securityOrigin": "http://127.0.0.1:5000",
         "securityOriginDetails": {
            "isLocalhost": true
         },
         "url": "http://127.0.0.1:5000/"
      }
   }
}
[1751281595.129][DEBUG]: DevTools WebSocket Command: Runtime.callFunctionOn (id=24) (session_id=38929AA2DA15765FB615F32B60ADF9AB) 0A02761B6C1762B3CB8339971A64DFC0 {
   "arguments": [  ],
   "awaitPromise": true,
   "functionDeclaration": "function(){ return (function() { // Copyright 2012 The Chromium Authors\n// Use of this source code is governed by a BSD-style license that can be\n// found in the LICENSE file.\n\n/**\n * Enum for WebD...",
   "serializationOptions": {
      "serialization": "deep"
   },
   "uniqueContextId": "-8418431748821188505.-380401412093274287"
}
[1751281595.129][DEBUG]: DevTools WebSocket Response: Runtime.callFunctionOn (id=24) (session_id=38929AA2DA15765FB615F32B60ADF9AB) 0A02761B6C1762B3CB8339971A64DFC0 {
   "result": {
      "className": "Array",
      "deepSerializedValue": {
         "type": "array",
         "value": [ {
            "type": "string",
            "value": "{\"status\":0,\"value\":\"Automation Practice Site - Home\"}"
         } ]
      },
      "description": "Array(1)",
      "objectId": "-4623472794963484896.1.1",
      "subtype": "array",
      "type": "object"
   }
}
[1751281595.129][INFO]: Waiting for pending navigations...
[1751281595.129][DEBUG]: DevTools WebSocket Command: Runtime.evaluate (id=25) (session_id=38929AA2DA15765FB615F32B60ADF9AB) 0A02761B6C1762B3CB8339971A64DFC0 {
   "expression": "1"
}
[1751281595.130][DEBUG]: DevTools WebSocket Response: Runtime.evaluate (id=25) (session_id=38929AA2DA15765FB615F32B60ADF9AB) 0A02761B6C1762B3CB8339971A64DFC0 {
   "result": {
      "description": "1",
      "type": "number",
      "value": 1
   }
}
[1751281595.130][INFO]: Done waiting for pending navigations. Status: ok
[1751281595.130][INFO]: [1cff4f6ecddbd451765d948df39899f9] RESPONSE GetTitle "Automation Practice Site - Home"
[1751281595.133][INFO]: [1cff4f6ecddbd451765d948df39899f9] COMMAND Navigate {
   "url": "http://127.0.0.1:5000/"
}
[1751281595.133][INFO]: Waiting for pending navigations...
[1751281595.133][DEBUG]: DevTools WebSocket Command: Runtime.evaluate (id=26) (session_id=38929AA2DA15765FB615F32B60ADF9AB) 0A02761B6C1762B3CB8339971A64DFC0 {
   "expression": "1"
}
[1751281595.134][DEBUG]: DevTools WebSocket Response: Runtime.evaluate (id=26) (session_id=38929AA2DA15765FB615F32B60ADF9AB) 0A02761B6C1762B3CB8339971A64DFC0 {
   "result": {
      "description": "1",
      "type": "number",
      "value": 1
   }
}
[1751281595.134][INFO]: Done waiting for pending navigations. Status: ok
[1751281595.134][DEBUG]: DevTools WebSocket Command: Page.navigate (id=27) (session_id=38929AA2DA15765FB615F32B60ADF9AB) 0A02761B6C1762B3CB8339971A64DFC0 {
   "url": "http://127.0.0.1:5000/"
}
[1751281595.134][DEBUG]: DevTools WebSocket Event: Page.frameStartedNavigating (session_id=38929AA2DA15765FB615F32B60ADF9AB) 0A02761B6C1762B3CB8339971A64DFC0 {
   "frameId": "0A02761B6C1762B3CB8339971A64DFC0",
   "loaderId": "73EE9AD2588994B9DB93DADA0B771A16",
   "navigationType": "differentDocument",
   "url": "http://127.0.0.1:5000/"
}
[1751281595.134][DEBUG]: DevTools WebSocket Event: Page.frameStartedLoading (session_id=38929AA2DA15765FB615F32B60ADF9AB) 0A02761B6C1762B3CB8339971A64DFC0 {
   "frameId": "0A02761B6C1762B3CB8339971A64DFC0"
}
[1751281595.138][DEBUG]: DevTools WebSocket Response: Page.navigate (id=27) (session_id=38929AA2DA15765FB615F32B60ADF9AB) 0A02761B6C1762B3CB8339971A64DFC0 {
   "frameId": "0A02761B6C1762B3CB8339971A64DFC0",
   "loaderId": "73EE9AD2588994B9DB93DADA0B771A16"
}
[1751281595.138][INFO]: Waiting for pending navigations...
[1751281595.138][DEBUG]: DevTools WebSocket Command: Runtime.evaluate (id=28) (session_id=38929AA2DA15765FB615F32B60ADF9AB) 0A02761B6C1762B3CB8339971A64DFC0 {
   "expression": "1"
}
[1751281595.138][DEBUG]: DevTools WebSocket Event: Runtime.executionContextsCleared (session_id=38929AA2DA15765FB615F32B60ADF9AB) 0A02761B6C1762B3CB8339971A64DFC0 {
}
[1751281595.138][DEBUG]: DevTools WebSocket Event: Page.frameNavigated (session_id=38929AA2DA15765FB615F32B60ADF9AB) 0A02761B6C1762B3CB8339971A64DFC0 {
   "frame": {
      "adFrameStatus": {
         "adFrameType": "none"
      },
      "crossOriginIsolatedContextType": "NotIsolated",
      "domainAndRegistry": "",
      "gatedAPIFeatures": [  ],
      "id": "0A02761B6C1762B3CB8339971A64DFC0",
      "loaderId": "73EE9AD2588994B9DB93DADA0B771A16",
      "mimeType": "text/html",
      "secureContextType": "SecureLocalhost",
      "securityOrigin": "http://127.0.0.1:5000",
      "securityOriginDetails": {
         "isLocalhost": true
      },
      "url": "http://127.0.0.1:5000/"
   },
   "type": "Navigation"
}
[1751281595.141][DEBUG]: DevTools WebSocket Event: Runtime.executionContextCreated (session_id=38929AA2DA15765FB615F32B60ADF9AB) 0A02761B6C1762B3CB8339971A64DFC0 {
   "context": {
      "auxData": {
         "frameId": "0A02761B6C1762B3CB8339971A64DFC0",
         "isDefault": true,
         "type": "default"
      },
      "id": 2,
      "name": "",
      "origin": "http://127.0.0.1:5000",
      "uniqueId": "-2631318016774830343.5165780732764807730"
   }
}
[92008:438303:0630/163635.141549:INFO:CONSOLE:64] "cdn.tailwindcss.com should not be used in production. To use Tailwind CSS in production, install it as a PostCSS plugin or use the Tailwind CLI: https://tailwindcss.com/docs/installation", source: https://cdn.tailwindcss.com/ (64)
[1751281595.142][DEBUG]: DevTools WebSocket Event: Runtime.consoleAPICalled (session_id=38929AA2DA15765FB615F32B60ADF9AB) 0A02761B6C1762B3CB8339971A64DFC0 {
   "args": [ {
      "type": "string",
      "value": "cdn.tailwindcss.com should not be used in production. To use Tailwind CSS in production, install it as a PostCSS plugin or use the Tailwind CLI: https://tailwindcss.com/docs/installation"
   } ],
   "executionContextId": 2,
   "stackTrace": {
      "callFrames": [ {
         "columnNumber": 1710,
         "functionName": "",
         "lineNumber": 63,
         "scriptId": "7",
         "url": "https://cdn.tailwindcss.com/"
      }, {
         "columnNumber": 3638,
         "functionName": "",
         "lineNumber": 63,
         "scriptId": "7",
         "url": "https://cdn.tailwindcss.com/"
      } ]
   },
   "timestamp": 1.751281595141502e+12,
   "type": "warning"
}
[1751281595.170][DEBUG]: DevTools WebSocket Event: Page.domContentEventFired (session_id=38929AA2DA15765FB615F32B60ADF9AB) 0A02761B6C1762B3CB8339971A64DFC0 {
   "timestamp": 17983.580365
}
[1751281595.170][DEBUG]: DevTools WebSocket Response: Runtime.evaluate (id=28) (session_id=38929AA2DA15765FB615F32B60ADF9AB) 0A02761B6C1762B3CB8339971A64DFC0 {
   "result": {
      "description": "1",
      "type": "number",
      "value": 1
   }
}
[1751281595.171][DEBUG]: DevTools WebSocket Event: Page.loadEventFired (session_id=38929AA2DA15765FB615F32B60ADF9AB) 0A02761B6C1762B3CB8339971A64DFC0 {
   "timestamp": 17983.605107
}
[1751281595.171][DEBUG]: DevTools WebSocket Command: Runtime.evaluate (id=29) (session_id=38929AA2DA15765FB615F32B60ADF9AB) 0A02761B6C1762B3CB8339971A64DFC0 {
   "awaitPromise": false,
   "expression": "document.readyState",
   "returnByValue": true,
   "uniqueContextId": "-2631318016774830343.5165780732764807730"
}
[1751281595.171][DEBUG]: DevTools WebSocket Event: Page.frameStoppedLoading (session_id=38929AA2DA15765FB615F32B60ADF9AB) 0A02761B6C1762B3CB8339971A64DFC0 {
   "frameId": "0A02761B6C1762B3CB8339971A64DFC0"
}
[1751281595.172][DEBUG]: DevTools WebSocket Response: Runtime.evaluate (id=29) (session_id=38929AA2DA15765FB615F32B60ADF9AB) 0A02761B6C1762B3CB8339971A64DFC0 {
   "result": {
      "type": "string",
      "value": "complete"
   }
}
[1751281595.172][DEBUG]: DevTools WebSocket Command: Runtime.evaluate (id=30) (session_id=38929AA2DA15765FB615F32B60ADF9AB) 0A02761B6C1762B3CB8339971A64DFC0 {
   "expression": "1"
}
[1751281595.172][DEBUG]: DevTools WebSocket Response: Runtime.evaluate (id=30) (session_id=38929AA2DA15765FB615F32B60ADF9AB) 0A02761B6C1762B3CB8339971A64DFC0 {
   "result": {
      "description": "1",
      "type": "number",
      "value": 1
   }
}
[1751281595.172][INFO]: Done waiting for pending navigations. Status: ok
[1751281595.172][INFO]: [1cff4f6ecddbd451765d948df39899f9] RESPONSE Navigate
[1751281595.176][INFO]: [1cff4f6ecddbd451765d948df39899f9] COMMAND GetLog {
   "type": "browser"
}
[1751281595.176][DEBUG]: DevTools WebSocket Command: Runtime.evaluate (id=31) (session_id=38929AA2DA15765FB615F32B60ADF9AB) 0A02761B6C1762B3CB8339971A64DFC0 {
   "awaitPromise": false,
   "expression": "1",
   "returnByValue": true
}
[1751281595.176][DEBUG]: DevTools WebSocket Response: Runtime.evaluate (id=31) (session_id=38929AA2DA15765FB615F32B60ADF9AB) 0A02761B6C1762B3CB8339971A64DFC0 {
   "result": {
      "description": "1",
      "type": "number",
      "value": 1
   }
}
[1751281595.176][INFO]: [1cff4f6ecddbd451765d948df39899f9] RESPONSE GetLog [ {
   "level": "WARNING",
   "message": "https://cdn.tailwindcss.com/ 63:1710 \"cdn.tailwindcss.com should not be used in production. To use Tailwind CSS in production, install it as a PostCSS plugin or use the Tailwind CLI: https://tailwi...",
   "source": "console-api",
   "timestamp": 1.751281595073e+12
}, {
   "level": "SEVERE",
   "message": "http://127.0.0.1:5000/favicon.ico - Failed to load resource: the server responded with a status of 404 (NOT FOUND)",
   "source": "network",
   "timestamp": 1.751281595127e+12
}, {
   "level": "WARNING",
   "message": "https://cdn.tailwindcss.com/ 63:1710 \"cdn.tailwindcss.com should not be used in production. To use Tailwind CSS in production, install it as a PostCSS plugin or use the Tailwind CLI: https://tailwi...",
   "source": "console-api",
   "timestamp": 1.751281595141e+12
} ]
[1751281595.179][INFO]: [1cff4f6ecddbd451765d948df39899f9] COMMAND Quit {
}
[1751281595.235][INFO]: [1cff4f6ecddbd451765d948df39899f9] RESPONSE Quit
[1751281595.235][DEBUG]: Log type 'driver' lost 0 entries on destruction
[1751281595.235][DEBUG]: Log type 'browser' lost 0 entries on destruction
